<?xml version="1.0" encoding="UTF-8"?>
<!-- Generated by org.testng.reporters.JUnitReportReporter -->
<testsuite hostname="RedmiBook" failures="0" tests="1" name="product.CreateProductAndDeleteProductWithPOM" time="11.969" errors="0" timestamp="2023-05-11T11:09:01 IST" skipped="0">
  <testcase classname="product.CreateProductAndDeleteProductWithPOM" name="createProductAndDeleteProduct" time="11.969"/>
  <system-out/>
</testsuite> <!-- product.CreateProductAndDeleteProductWithPOM -->
