<?xml version="1.0" encoding="UTF-8"?>
<!-- Generated by org.testng.reporters.JUnitReportReporter -->
<testsuite hostname="RedmiBook" failures="0" tests="1" name="product.CreateProductWithPOM" time="14.725" errors="0" timestamp="2023-05-11T11:35:22 IST" skipped="0">
  <testcase classname="product.CreateProductWithPOM" name="createProduct" time="14.725"/>
  <system-out/>
</testsuite> <!-- product.CreateProductWithPOM -->
