<?xml version="1.0" encoding="UTF-8"?>
<!-- Generated by org.testng.reporters.JUnitReportReporter -->
<testsuite hostname="RedmiBook" failures="0" tests="1" name="organizations.CreateOrganizationWithPOM" time="16.715" errors="0" timestamp="2023-05-11T11:35:22 IST" skipped="0">
  <testcase classname="organizations.CreateOrganizationWithPOM" name="createOrganizationWithPOM" time="16.715"/>
  <system-out/>
</testsuite> <!-- organizations.CreateOrganizationWithPOM -->
